<?xml version="1.0" encoding="UTF-8"?>
<!-- Generated by org.testng.reporters.JUnitXMLReporter -->
<testsuite hostname="Home-PC" name="Testmy" tests="5" failures="0" timestamp="21 Apr 2016 20:03:20 GMT" time="0.043" errors="0">
  <testcase name="creatinglead" time="0.005" classname="week5opentapstestng.CreateLead"/>
  <testcase name="creatinglead" time="0.001" classname="week5opentapstestng.CreateLead"/>
  <testcase name="deletelead" time="0.001" classname="week5opentapstestng.DeleteLead"/>
  <testcase name="editleads" time="0.001" classname="week5opentapstestng.EditLead"/>
  <testcase name="mergeleads" time="0.0" classname="week5opentapstestng.MergeLead"/>
</testsuite> <!-- Testmy -->
