<?xml version="1.0" encoding="UTF-8"?>
<!-- Generated by org.testng.reporters.JUnitXMLReporter -->
<testsuite hostname="Home-PC" name="Testmy2" tests="4" failures="0" timestamp="21 Apr 2016 20:03:20 GMT" time="0.014" errors="0">
  <testcase name="createcontact" time="0.001" classname="week5opentapstestng.CreateContact"/>
  <testcase name="mergecontact" time="0.001" classname="week5opentapstestng.MergeContact"/>
  <testcase name="editcontact" time="0.0" classname="week5opentapstestng.EditContact"/>
  <testcase name="deletecontact" time="0.0" classname="week5opentapstestng.DeleteContact"/>
</testsuite> <!-- Testmy2 -->
