<?xml version="1.0" encoding="UTF-8"?>
<!-- Generated by org.testng.reporters.JUnitXMLReporter -->
<testsuite hostname="Home-PC" name="Testmy" tests="5" failures="0" timestamp="21 Apr 2016 20:03:31 GMT" time="0.753" errors="0">
  <testcase name="@BeforeClass beforeClass" time="0.0" classname="opentapshw.CreateLead">
    <failure type="org.testng.TestNGException" message="
Method beforeClass requires 1 parameters but 0 were supplied in the @Configuration annotation.">
      <![CDATA[org.testng.TestNGException: 
Method beforeClass requires 1 parameters but 0 were supplied in the @Configuration annotation.
... Removed 22 stack frames]]>
    </failure>
  </testcase> <!-- @BeforeClass beforeClass -->
  <testcase name="@AfterClass afterClass" time="0.0" classname="opentapshw.CreateLead">
    <skipped/>
  </testcase> <!-- @AfterClass afterClass -->
  <testcase name="@BeforeClass beforeClass" time="0.0" classname="opentapshw.DeleteLead">
    <skipped/>
  </testcase> <!-- @BeforeClass beforeClass -->
  <testcase name="@AfterClass afterClass" time="0.0" classname="opentapshw.DeleteLead">
    <skipped/>
  </testcase> <!-- @AfterClass afterClass -->
  <testcase name="@BeforeClass beforeClass" time="0.0" classname="opentapshw.EditLead">
    <skipped/>
  </testcase> <!-- @BeforeClass beforeClass -->
  <testcase name="@AfterClass afterClass" time="0.0" classname="opentapshw.EditLead">
    <skipped/>
  </testcase> <!-- @AfterClass afterClass -->
  <testcase name="@BeforeClass beforeClass" time="0.0" classname="opentapshw.MergeLead">
    <skipped/>
  </testcase> <!-- @BeforeClass beforeClass -->
  <testcase name="@AfterClass afterClass" time="0.0" classname="opentapshw.MergeLead">
    <skipped/>
  </testcase> <!-- @AfterClass afterClass -->
  <testcase name="creatinglead" time="0.0" classname="opentapshw.CreateLead">
    <skipped/>
  </testcase> <!-- creatinglead -->
  <testcase name="deletelead" time="0.0" classname="opentapshw.DeleteLead">
    <skipped/>
  </testcase> <!-- deletelead -->
  <testcase name="editleads" time="0.0" classname="opentapshw.EditLead">
    <skipped/>
  </testcase> <!-- editleads -->
  <testcase name="mergeleads" time="0.0" classname="opentapshw.MergeLead">
    <skipped/>
  </testcase> <!-- mergeleads -->
  <testcase name="mergeleads" time="0.0" classname="week5opentapstestng.MergeLead">
    <skipped/>
  </testcase> <!-- mergeleads -->
</testsuite> <!-- Testmy -->
